<?xml version="1.0" encoding="UTF-8"?>
<!-- Generated by org.testng.reporters.JUnitXMLReporter -->
<testsuite hostname="DESKTOP-LSU4NFQ" ignored="0" name="Default test" tests="3" failures="0" timestamp="03 Jul 2020 06:20:27 GMT" time="0.324" errors="0">
  <testcase name="squareRoot" time="0.08" classname="org.manitestng.Testngsecond"/>
  <testcase name="squareRoot" time="0.007" classname="org.manitestng.Testngsecond"/>
  <testcase name="squareRoot" time="0.012" classname="org.manitestng.Testngsecond"/>
</testsuite> <!-- Default test -->
