<?xml version="1.0" encoding="UTF-8"?>
<!-- Generated by org.testng.reporters.JUnitXMLReporter -->
<testsuite hostname="DESKTOP-LSU4NFQ" ignored="2" name="Test" tests="5" failures="0" timestamp="03 Jul 2020 06:30:49 GMT" time="0.291" errors="0">
  <testcase name="squareRoot" time="0.05" classname="org.manitestng.Testngsecond"/>
  <testcase name="add" time="0.059" classname="org.manitestng.Testngfirstclass"/>
  <testcase name="squareRoot" time="0.007" classname="org.manitestng.Testngsecond"/>
  <testcase name="squareRoot" time="0.014" classname="org.manitestng.Testngsecond"/>
  <testcase name="sub" time="0.015" classname="org.manitestng.Testngfirstclass"/>
  <testcase name="multiplication" time="0.0" classname="org.manitestng.Testngfirstclass">
    <ignored/>
  </testcase> <!-- multiplication -->
  <testcase name="division" time="0.0" classname="org.manitestng.Testngfirstclass">
    <ignored/>
  </testcase> <!-- division -->
</testsuite> <!-- Test -->
