<?xml version="1.0" encoding="UTF-8"?>
<testng-results skipped="0" failed="0" ignored="2" total="7" passed="5">
  <reporter-output>
    <line>
      <![CDATA[TestNG_ReportsAndLogs -> Add]]>
    </line>
    <line>
      <![CDATA[TestNG_ReportsAndLogs -> Root]]>
    </line>
    <line>
      <![CDATA[TestNG_ReportsAndLogs -> Root]]>
    </line>
    <line>
      <![CDATA[TestNG_ReportsAndLogs -> Root]]>
    </line>
    <line>
      <![CDATA[TestNG_ReportsAndLogs -> Sub]]>
    </line>
  </reporter-output>
  <suite name="Suite" duration-ms="291" started-at="2020-07-03T06:30:48Z" finished-at="2020-07-03T06:30:49Z">
    <groups>
      <group name="ADD">
        <method signature="Testngfirstclass.add(int, int)[pri:0, instance:org.manitestng.Testngfirstclass@1f1c7bf6]" name="add" class="org.manitestng.Testngfirstclass"/>
      </group> <!-- ADD -->
      <group name="SUB">
        <method signature="Testngfirstclass.sub(int, int)[pri:0, instance:org.manitestng.Testngfirstclass@1f1c7bf6]" name="sub" class="org.manitestng.Testngfirstclass"/>
      </group> <!-- SUB -->
      <group name="Root">
        <method signature="Testngsecond.squareRoot(int, int)[pri:0, instance:org.manitestng.Testngsecond@25b485ba]" name="squareRoot" class="org.manitestng.Testngsecond"/>
      </group> <!-- Root -->
    </groups>
    <test name="Test" duration-ms="291" started-at="2020-07-03T06:30:48Z" finished-at="2020-07-03T06:30:49Z">
      <class name="org.manitestng.Testngfirstclass">
        <test-method status="PASS" signature="add(int, int)[pri:0, instance:org.manitestng.Testngfirstclass@1f1c7bf6]" name="add" duration-ms="59" started-at="2020-07-03T06:30:49Z" finished-at="2020-07-03T06:30:49Z">
          <params>
            <param index="0">
              <value>
                <![CDATA[20]]>
              </value>
            </param>
            <param index="1">
              <value>
                <![CDATA[40]]>
              </value>
            </param>
          </params>
          <reporter-output>
            <line>
              <![CDATA[TestNG_ReportsAndLogs -> Add]]>
            </line>
          </reporter-output>
        </test-method> <!-- add -->
        <test-method status="PASS" signature="sub(int, int)[pri:0, instance:org.manitestng.Testngfirstclass@1f1c7bf6]" name="sub" duration-ms="15" started-at="2020-07-03T06:30:49Z" finished-at="2020-07-03T06:30:49Z">
          <params>
            <param index="0">
              <value>
                <![CDATA[20]]>
              </value>
            </param>
            <param index="1">
              <value>
                <![CDATA[40]]>
              </value>
            </param>
          </params>
          <reporter-output>
            <line>
              <![CDATA[TestNG_ReportsAndLogs -> Sub]]>
            </line>
          </reporter-output>
        </test-method> <!-- sub -->
      </class> <!-- org.manitestng.Testngfirstclass -->
      <class name="org.manitestng.Testngsecond">
        <test-method status="PASS" signature="squareRoot(int, int)[pri:0, instance:org.manitestng.Testngsecond@25b485ba]" name="squareRoot" duration-ms="50" started-at="2020-07-03T06:30:49Z" data-provider="root" finished-at="2020-07-03T06:30:49Z">
          <params>
            <param index="0">
              <value>
                <![CDATA[2]]>
              </value>
            </param>
            <param index="1">
              <value>
                <![CDATA[4]]>
              </value>
            </param>
          </params>
          <reporter-output>
            <line>
              <![CDATA[TestNG_ReportsAndLogs -> Root]]>
            </line>
          </reporter-output>
        </test-method> <!-- squareRoot -->
        <test-method status="PASS" signature="squareRoot(int, int)[pri:0, instance:org.manitestng.Testngsecond@25b485ba]" name="squareRoot" duration-ms="7" started-at="2020-07-03T06:30:49Z" data-provider="root" finished-at="2020-07-03T06:30:49Z">
          <params>
            <param index="0">
              <value>
                <![CDATA[6]]>
              </value>
            </param>
            <param index="1">
              <value>
                <![CDATA[8]]>
              </value>
            </param>
          </params>
          <reporter-output>
            <line>
              <![CDATA[TestNG_ReportsAndLogs -> Root]]>
            </line>
          </reporter-output>
        </test-method> <!-- squareRoot -->
        <test-method status="PASS" signature="squareRoot(int, int)[pri:0, instance:org.manitestng.Testngsecond@25b485ba]" name="squareRoot" duration-ms="14" started-at="2020-07-03T06:30:49Z" data-provider="root" finished-at="2020-07-03T06:30:49Z">
          <params>
            <param index="0">
              <value>
                <![CDATA[12]]>
              </value>
            </param>
            <param index="1">
              <value>
                <![CDATA[14]]>
              </value>
            </param>
          </params>
          <reporter-output>
            <line>
              <![CDATA[TestNG_ReportsAndLogs -> Root]]>
            </line>
          </reporter-output>
        </test-method> <!-- squareRoot -->
      </class> <!-- org.manitestng.Testngsecond -->
    </test> <!-- Test -->
  </suite> <!-- Suite -->
</testng-results>
